<?xml version="1.0" encoding="UTF-8"?>
<Site BuildName="Win32-MSBuild"
	BuildStamp="20231021-1134-Experimental"
	Name="LAPTOP-GGMSLPER"
	Generator="ctest-3.28.0-rc2"
	CompilerName="C:/Program Files (x86)/Microsoft Visual Studio/2019/Community/VC/Tools/MSVC/14.29.30133/bin/Hostx64/x64/cl.exe"
	CompilerVersion="19.29.30140.0"
	OSName="Windows"
	Hostname="LAPTOP-GGMSLPER"
	OSRelease=" Personal"
	OSVersion=" (Build 19045)"
	OSPlatform="AMD64"
	Is64Bits="1"
	VendorString="AuthenticAMD"
	VendorID="Advanced Micro Devices"
	FamilyID="15"
	ModelID="8"
	ProcessorCacheSize="96"
	NumberOfLogicalCPU="8"
	NumberOfPhysicalCPU="4"
	TotalVirtualMemory="17796"
	TotalPhysicalMemory="6020"
	LogicalProcessorsPerPhysical="2"
	ProcessorClockFrequency="2295"
	>
	<Testing>
		<StartDateTime>Oct 21 18:52 T[NON-UTF-8-BYTE-0xFC]rkiye Standart Saati</StartDateTime>
		<StartTestTime>1697903566</StartTestTime>
		<TestList/>
		<EndDateTime>Oct 21 18:52 T[NON-UTF-8-BYTE-0xFC]rkiye Standart Saati</EndDateTime>
		<EndTestTime>1697903566</EndTestTime>
		<ElapsedMinutes>0</ElapsedMinutes>
	</Testing>
</Site>
